Image to Binary (file convertor)
./painting.png, 273x284, Rgb8
Palette needs 12 custom colors.

; Palette entries by index:
;             VERA      Dec Hex:  R G B
;
begin_palette_table:
    .byte    $00,$00  ; 000 $00:  0 0 0
    .byte    $ff,$0f  ; 001 $01:  f f f
    .byte    $00,$08  ; 002 $02:  8 0 0
    .byte    $fe,$0a  ; 003 $03:  a f e
    .byte    $4c,$0c  ; 004 $04:  c 4 c
    .byte    $c5,$00  ; 005 $05:  0 c 5
    .byte    $0a,$00  ; 006 $06:  0 0 a
    .byte    $e7,$0e  ; 007 $07:  e e 7
    .byte    $85,$0d  ; 008 $08:  d 8 5
    .byte    $40,$06  ; 009 $09:  6 4 0
    .byte    $77,$0f  ; 010 $0a:  f 7 7
    .byte    $33,$03  ; 011 $0b:  3 3 3
    .byte    $77,$07  ; 012 $0c:  7 7 7
    .byte    $f6,$0a  ; 013 $0d:  a f 6
    .byte    $8f,$00  ; 014 $0e:  0 8 f
    .byte    $bb,$0b  ; 015 $0f:  b b b
    .byte    $b4,$09  ; 016 $10:  9 b 4
    .byte    $c2,$07  ; 017 $11:  7 c 2
    .byte    $22,$0e  ; 018 $12:  e 2 2
    .byte    $92,$0b  ; 019 $13:  b 9 2
    .byte    $2e,$03  ; 020 $14:  3 2 e
    .byte    $e2,$03  ; 021 $15:  3 e 2
    .byte    $62,$0d  ; 022 $16:  d 6 2
    .byte    $b3,$09  ; 023 $17:  9 b 3
    .byte    $b2,$09  ; 024 $18:  9 b 2
    .byte    $63,$0d  ; 025 $19:  d 6 3
    .byte    $a3,$0b  ; 026 $1a:  b a 3
    .byte    $00,$00  ; 027 $1b:  0 0 0 (FREE)
    .byte    $00,$00  ; 028 $1c:  0 0 0 (FREE)
    .byte    $00,$00  ; 029 $1d:  0 0 0 (FREE)
    .byte    $00,$00  ; 030 $1e:  0 0 0 (FREE)
    .byte    $00,$00  ; 031 $1f:  0 0 0 (FREE)
    .byte    $00,$00  ; 032 $20:  0 0 0 (FREE)
    .byte    $00,$00  ; 033 $21:  0 0 0 (FREE)
    .byte    $00,$00  ; 034 $22:  0 0 0 (FREE)
    .byte    $00,$00  ; 035 $23:  0 0 0 (FREE)
    .byte    $00,$00  ; 036 $24:  0 0 0 (FREE)
    .byte    $00,$00  ; 037 $25:  0 0 0 (FREE)
    .byte    $00,$00  ; 038 $26:  0 0 0 (FREE)
    .byte    $00,$00  ; 039 $27:  0 0 0 (FREE)
    .byte    $00,$00  ; 040 $28:  0 0 0 (FREE)
    .byte    $00,$00  ; 041 $29:  0 0 0 (FREE)
    .byte    $00,$00  ; 042 $2a:  0 0 0 (FREE)
    .byte    $00,$00  ; 043 $2b:  0 0 0 (FREE)
    .byte    $00,$00  ; 044 $2c:  0 0 0 (FREE)
    .byte    $00,$00  ; 045 $2d:  0 0 0 (FREE)
    .byte    $00,$00  ; 046 $2e:  0 0 0 (FREE)
    .byte    $00,$00  ; 047 $2f:  0 0 0 (FREE)
    .byte    $00,$00  ; 048 $30:  0 0 0 (FREE)
    .byte    $00,$00  ; 049 $31:  0 0 0 (FREE)
    .byte    $00,$00  ; 050 $32:  0 0 0 (FREE)
    .byte    $00,$00  ; 051 $33:  0 0 0 (FREE)
    .byte    $00,$00  ; 052 $34:  0 0 0 (FREE)
    .byte    $00,$00  ; 053 $35:  0 0 0 (FREE)
    .byte    $00,$00  ; 054 $36:  0 0 0 (FREE)
    .byte    $00,$00  ; 055 $37:  0 0 0 (FREE)
    .byte    $00,$00  ; 056 $38:  0 0 0 (FREE)
    .byte    $00,$00  ; 057 $39:  0 0 0 (FREE)
    .byte    $00,$00  ; 058 $3a:  0 0 0 (FREE)
    .byte    $00,$00  ; 059 $3b:  0 0 0 (FREE)
    .byte    $00,$00  ; 060 $3c:  0 0 0 (FREE)
    .byte    $00,$00  ; 061 $3d:  0 0 0 (FREE)
    .byte    $00,$00  ; 062 $3e:  0 0 0 (FREE)
    .byte    $00,$00  ; 063 $3f:  0 0 0 (FREE)
    .byte    $00,$00  ; 064 $40:  0 0 0 (FREE)
    .byte    $00,$00  ; 065 $41:  0 0 0 (FREE)
    .byte    $00,$00  ; 066 $42:  0 0 0 (FREE)
    .byte    $00,$00  ; 067 $43:  0 0 0 (FREE)
    .byte    $00,$00  ; 068 $44:  0 0 0 (FREE)
    .byte    $00,$00  ; 069 $45:  0 0 0 (FREE)
    .byte    $00,$00  ; 070 $46:  0 0 0 (FREE)
    .byte    $00,$00  ; 071 $47:  0 0 0 (FREE)
    .byte    $00,$00  ; 072 $48:  0 0 0 (FREE)
    .byte    $00,$00  ; 073 $49:  0 0 0 (FREE)
    .byte    $00,$00  ; 074 $4a:  0 0 0 (FREE)
    .byte    $00,$00  ; 075 $4b:  0 0 0 (FREE)
    .byte    $00,$00  ; 076 $4c:  0 0 0 (FREE)
    .byte    $00,$00  ; 077 $4d:  0 0 0 (FREE)
    .byte    $00,$00  ; 078 $4e:  0 0 0 (FREE)
    .byte    $00,$00  ; 079 $4f:  0 0 0 (FREE)
    .byte    $00,$00  ; 080 $50:  0 0 0 (FREE)
    .byte    $00,$00  ; 081 $51:  0 0 0 (FREE)
    .byte    $00,$00  ; 082 $52:  0 0 0 (FREE)
    .byte    $00,$00  ; 083 $53:  0 0 0 (FREE)
    .byte    $00,$00  ; 084 $54:  0 0 0 (FREE)
    .byte    $00,$00  ; 085 $55:  0 0 0 (FREE)
    .byte    $00,$00  ; 086 $56:  0 0 0 (FREE)
    .byte    $00,$00  ; 087 $57:  0 0 0 (FREE)
    .byte    $00,$00  ; 088 $58:  0 0 0 (FREE)
    .byte    $00,$00  ; 089 $59:  0 0 0 (FREE)
    .byte    $00,$00  ; 090 $5a:  0 0 0 (FREE)
    .byte    $00,$00  ; 091 $5b:  0 0 0 (FREE)
    .byte    $00,$00  ; 092 $5c:  0 0 0 (FREE)
    .byte    $00,$00  ; 093 $5d:  0 0 0 (FREE)
    .byte    $00,$00  ; 094 $5e:  0 0 0 (FREE)
    .byte    $00,$00  ; 095 $5f:  0 0 0 (FREE)
    .byte    $00,$00  ; 096 $60:  0 0 0 (FREE)
    .byte    $00,$00  ; 097 $61:  0 0 0 (FREE)
    .byte    $00,$00  ; 098 $62:  0 0 0 (FREE)
    .byte    $00,$00  ; 099 $63:  0 0 0 (FREE)
    .byte    $00,$00  ; 100 $64:  0 0 0 (FREE)
    .byte    $00,$00  ; 101 $65:  0 0 0 (FREE)
    .byte    $00,$00  ; 102 $66:  0 0 0 (FREE)
    .byte    $00,$00  ; 103 $67:  0 0 0 (FREE)
    .byte    $00,$00  ; 104 $68:  0 0 0 (FREE)
    .byte    $00,$00  ; 105 $69:  0 0 0 (FREE)
    .byte    $00,$00  ; 106 $6a:  0 0 0 (FREE)
    .byte    $00,$00  ; 107 $6b:  0 0 0 (FREE)
    .byte    $00,$00  ; 108 $6c:  0 0 0 (FREE)
    .byte    $00,$00  ; 109 $6d:  0 0 0 (FREE)
    .byte    $00,$00  ; 110 $6e:  0 0 0 (FREE)
    .byte    $00,$00  ; 111 $6f:  0 0 0 (FREE)
    .byte    $00,$00  ; 112 $70:  0 0 0 (FREE)
    .byte    $00,$00  ; 113 $71:  0 0 0 (FREE)
    .byte    $00,$00  ; 114 $72:  0 0 0 (FREE)
    .byte    $00,$00  ; 115 $73:  0 0 0 (FREE)
    .byte    $00,$00  ; 116 $74:  0 0 0 (FREE)
    .byte    $00,$00  ; 117 $75:  0 0 0 (FREE)
    .byte    $00,$00  ; 118 $76:  0 0 0 (FREE)
    .byte    $00,$00  ; 119 $77:  0 0 0 (FREE)
    .byte    $00,$00  ; 120 $78:  0 0 0 (FREE)
    .byte    $00,$00  ; 121 $79:  0 0 0 (FREE)
    .byte    $00,$00  ; 122 $7a:  0 0 0 (FREE)
    .byte    $00,$00  ; 123 $7b:  0 0 0 (FREE)
    .byte    $00,$00  ; 124 $7c:  0 0 0 (FREE)
    .byte    $00,$00  ; 125 $7d:  0 0 0 (FREE)
    .byte    $00,$00  ; 126 $7e:  0 0 0 (FREE)
    .byte    $00,$00  ; 127 $7f:  0 0 0 (FREE)
    .byte    $00,$00  ; 128 $80:  0 0 0 (FREE)
    .byte    $00,$00  ; 129 $81:  0 0 0 (FREE)
    .byte    $00,$00  ; 130 $82:  0 0 0 (FREE)
    .byte    $00,$00  ; 131 $83:  0 0 0 (FREE)
    .byte    $00,$00  ; 132 $84:  0 0 0 (FREE)
    .byte    $00,$00  ; 133 $85:  0 0 0 (FREE)
    .byte    $00,$00  ; 134 $86:  0 0 0 (FREE)
    .byte    $00,$00  ; 135 $87:  0 0 0 (FREE)
    .byte    $00,$00  ; 136 $88:  0 0 0 (FREE)
    .byte    $00,$00  ; 137 $89:  0 0 0 (FREE)
    .byte    $00,$00  ; 138 $8a:  0 0 0 (FREE)
    .byte    $00,$00  ; 139 $8b:  0 0 0 (FREE)
    .byte    $00,$00  ; 140 $8c:  0 0 0 (FREE)
    .byte    $00,$00  ; 141 $8d:  0 0 0 (FREE)
    .byte    $00,$00  ; 142 $8e:  0 0 0 (FREE)
    .byte    $00,$00  ; 143 $8f:  0 0 0 (FREE)
    .byte    $00,$00  ; 144 $90:  0 0 0 (FREE)
    .byte    $00,$00  ; 145 $91:  0 0 0 (FREE)
    .byte    $00,$00  ; 146 $92:  0 0 0 (FREE)
    .byte    $00,$00  ; 147 $93:  0 0 0 (FREE)
    .byte    $00,$00  ; 148 $94:  0 0 0 (FREE)
    .byte    $00,$00  ; 149 $95:  0 0 0 (FREE)
    .byte    $00,$00  ; 150 $96:  0 0 0 (FREE)
    .byte    $00,$00  ; 151 $97:  0 0 0 (FREE)
    .byte    $00,$00  ; 152 $98:  0 0 0 (FREE)
    .byte    $00,$00  ; 153 $99:  0 0 0 (FREE)
    .byte    $00,$00  ; 154 $9a:  0 0 0 (FREE)
    .byte    $00,$00  ; 155 $9b:  0 0 0 (FREE)
    .byte    $00,$00  ; 156 $9c:  0 0 0 (FREE)
    .byte    $00,$00  ; 157 $9d:  0 0 0 (FREE)
    .byte    $00,$00  ; 158 $9e:  0 0 0 (FREE)
    .byte    $00,$00  ; 159 $9f:  0 0 0 (FREE)
    .byte    $00,$00  ; 160 $a0:  0 0 0 (FREE)
    .byte    $00,$00  ; 161 $a1:  0 0 0 (FREE)
    .byte    $00,$00  ; 162 $a2:  0 0 0 (FREE)
    .byte    $00,$00  ; 163 $a3:  0 0 0 (FREE)
    .byte    $00,$00  ; 164 $a4:  0 0 0 (FREE)
    .byte    $00,$00  ; 165 $a5:  0 0 0 (FREE)
    .byte    $00,$00  ; 166 $a6:  0 0 0 (FREE)
    .byte    $00,$00  ; 167 $a7:  0 0 0 (FREE)
    .byte    $00,$00  ; 168 $a8:  0 0 0 (FREE)
    .byte    $00,$00  ; 169 $a9:  0 0 0 (FREE)
    .byte    $00,$00  ; 170 $aa:  0 0 0 (FREE)
    .byte    $00,$00  ; 171 $ab:  0 0 0 (FREE)
    .byte    $00,$00  ; 172 $ac:  0 0 0 (FREE)
    .byte    $00,$00  ; 173 $ad:  0 0 0 (FREE)
    .byte    $00,$00  ; 174 $ae:  0 0 0 (FREE)
    .byte    $00,$00  ; 175 $af:  0 0 0 (FREE)
    .byte    $00,$00  ; 176 $b0:  0 0 0 (FREE)
    .byte    $00,$00  ; 177 $b1:  0 0 0 (FREE)
    .byte    $00,$00  ; 178 $b2:  0 0 0 (FREE)
    .byte    $00,$00  ; 179 $b3:  0 0 0 (FREE)
    .byte    $00,$00  ; 180 $b4:  0 0 0 (FREE)
    .byte    $00,$00  ; 181 $b5:  0 0 0 (FREE)
    .byte    $00,$00  ; 182 $b6:  0 0 0 (FREE)
    .byte    $00,$00  ; 183 $b7:  0 0 0 (FREE)
    .byte    $00,$00  ; 184 $b8:  0 0 0 (FREE)
    .byte    $00,$00  ; 185 $b9:  0 0 0 (FREE)
    .byte    $00,$00  ; 186 $ba:  0 0 0 (FREE)
    .byte    $00,$00  ; 187 $bb:  0 0 0 (FREE)
    .byte    $00,$00  ; 188 $bc:  0 0 0 (FREE)
    .byte    $00,$00  ; 189 $bd:  0 0 0 (FREE)
    .byte    $00,$00  ; 190 $be:  0 0 0 (FREE)
    .byte    $00,$00  ; 191 $bf:  0 0 0 (FREE)
    .byte    $00,$00  ; 192 $c0:  0 0 0 (FREE)
    .byte    $00,$00  ; 193 $c1:  0 0 0 (FREE)
    .byte    $00,$00  ; 194 $c2:  0 0 0 (FREE)
    .byte    $00,$00  ; 195 $c3:  0 0 0 (FREE)
    .byte    $00,$00  ; 196 $c4:  0 0 0 (FREE)
    .byte    $00,$00  ; 197 $c5:  0 0 0 (FREE)
    .byte    $00,$00  ; 198 $c6:  0 0 0 (FREE)
    .byte    $00,$00  ; 199 $c7:  0 0 0 (FREE)
    .byte    $00,$00  ; 200 $c8:  0 0 0 (FREE)
    .byte    $00,$00  ; 201 $c9:  0 0 0 (FREE)
    .byte    $00,$00  ; 202 $ca:  0 0 0 (FREE)
    .byte    $00,$00  ; 203 $cb:  0 0 0 (FREE)
    .byte    $00,$00  ; 204 $cc:  0 0 0 (FREE)
    .byte    $00,$00  ; 205 $cd:  0 0 0 (FREE)
    .byte    $00,$00  ; 206 $ce:  0 0 0 (FREE)
    .byte    $00,$00  ; 207 $cf:  0 0 0 (FREE)
    .byte    $00,$00  ; 208 $d0:  0 0 0 (FREE)
    .byte    $00,$00  ; 209 $d1:  0 0 0 (FREE)
    .byte    $00,$00  ; 210 $d2:  0 0 0 (FREE)
    .byte    $00,$00  ; 211 $d3:  0 0 0 (FREE)
    .byte    $00,$00  ; 212 $d4:  0 0 0 (FREE)
    .byte    $00,$00  ; 213 $d5:  0 0 0 (FREE)
    .byte    $00,$00  ; 214 $d6:  0 0 0 (FREE)
    .byte    $00,$00  ; 215 $d7:  0 0 0 (FREE)
    .byte    $00,$00  ; 216 $d8:  0 0 0 (FREE)
    .byte    $00,$00  ; 217 $d9:  0 0 0 (FREE)
    .byte    $00,$00  ; 218 $da:  0 0 0 (FREE)
    .byte    $00,$00  ; 219 $db:  0 0 0 (FREE)
    .byte    $00,$00  ; 220 $dc:  0 0 0 (FREE)
    .byte    $00,$00  ; 221 $dd:  0 0 0 (FREE)
    .byte    $00,$00  ; 222 $de:  0 0 0 (FREE)
    .byte    $00,$00  ; 223 $df:  0 0 0 (FREE)
    .byte    $00,$00  ; 224 $e0:  0 0 0 (FREE)
    .byte    $00,$00  ; 225 $e1:  0 0 0 (FREE)
    .byte    $00,$00  ; 226 $e2:  0 0 0 (FREE)
    .byte    $00,$00  ; 227 $e3:  0 0 0 (FREE)
    .byte    $00,$00  ; 228 $e4:  0 0 0 (FREE)
    .byte    $00,$00  ; 229 $e5:  0 0 0 (FREE)
    .byte    $00,$00  ; 230 $e6:  0 0 0 (FREE)
    .byte    $00,$00  ; 231 $e7:  0 0 0 (FREE)
    .byte    $00,$00  ; 232 $e8:  0 0 0 (FREE)
    .byte    $00,$00  ; 233 $e9:  0 0 0 (FREE)
    .byte    $00,$00  ; 234 $ea:  0 0 0 (FREE)
    .byte    $00,$00  ; 235 $eb:  0 0 0 (FREE)
    .byte    $00,$00  ; 236 $ec:  0 0 0 (FREE)
    .byte    $00,$00  ; 237 $ed:  0 0 0 (FREE)
    .byte    $00,$00  ; 238 $ee:  0 0 0 (FREE)
    .byte    $00,$00  ; 239 $ef:  0 0 0 (FREE)
    .byte    $00,$00  ; 240 $f0:  0 0 0 (FREE)
    .byte    $00,$00  ; 241 $f1:  0 0 0 (FREE)
    .byte    $00,$00  ; 242 $f2:  0 0 0 (FREE)
    .byte    $00,$00  ; 243 $f3:  0 0 0 (FREE)
    .byte    $00,$00  ; 244 $f4:  0 0 0 (FREE)
    .byte    $00,$00  ; 245 $f5:  0 0 0 (FREE)
    .byte    $00,$00  ; 246 $f6:  0 0 0 (FREE)
    .byte    $00,$00  ; 247 $f7:  0 0 0 (FREE)
    .byte    $00,$00  ; 248 $f8:  0 0 0 (FREE)
    .byte    $00,$00  ; 249 $f9:  0 0 0 (FREE)
    .byte    $00,$00  ; 250 $fa:  0 0 0 (FREE)
    .byte    $00,$00  ; 251 $fb:  0 0 0 (FREE)
    .byte    $00,$00  ; 252 $fc:  0 0 0 (FREE)
    .byte    $00,$00  ; 253 $fd:  0 0 0 (FREE)
    .byte    $00,$00  ; 254 $fe:  0 0 0 (FREE)
    .byte    $00,$00  ; 255 $ff:  0 0 0 (FREE)
end_palette_table:

Wrote file (./PAINTING.BIN) as 76800 bytes.
Wrote file (PALETTE.BIN) as 514 bytes.
