Image to Binary (PNG-to-VERA file convertor) V1.5
Reading: abctiles.png
Reading: brdtiles.png
Reading: monochrome.png
Reading: seq08.png
Reading: seq16.png
Reading: seq32.png
Reading: seq64.png
abctiles.png, 16x1264, Rgba8
File abctiles.png has 43 unique colors (maximum is 239).
brdtiles.png, 16x2096, Rgba8
File brdtiles.png has 55 unique colors (maximum is 239).
monochrome.png, 13x13, Rgba8
File monochrome.png has 1 unique colors (maximum is 1).
seq08.png, 8x96, Rgba8
File seq08.png has 13 unique colors (maximum is 239).
seq16.png, 16x192, Rgba8
File seq16.png has 21 unique colors (maximum is 239).
seq32.png, 32x384, Rgba8
File seq32.png has 28 unique colors (maximum is 239).
seq64.png, 64x768, Rgba8
File seq64.png has 34 unique colors (maximum is 239).
; Palette entries by index:
;             VERA      Dec Hex:  R G B
;
begin_palette_table:
    .byte    $00,$00  ; 000 $00:  0 0 0 (FREE)
    .byte    $ff,$0f  ; 001 $01:  f f f
    .byte    $00,$08  ; 002 $02:  8 0 0
    .byte    $fe,$0a  ; 003 $03:  a f e
    .byte    $4c,$0c  ; 004 $04:  c 4 c
    .byte    $c5,$00  ; 005 $05:  0 c 5
    .byte    $0a,$00  ; 006 $06:  0 0 a
    .byte    $e7,$0e  ; 007 $07:  e e 7
    .byte    $85,$0d  ; 008 $08:  d 8 5
    .byte    $40,$06  ; 009 $09:  6 4 0
    .byte    $77,$0f  ; 010 $0a:  f 7 7
    .byte    $33,$03  ; 011 $0b:  3 3 3
    .byte    $77,$07  ; 012 $0c:  7 7 7
    .byte    $f6,$0a  ; 013 $0d:  a f 6
    .byte    $8f,$00  ; 014 $0e:  0 8 f
    .byte    $bb,$0b  ; 015 $0f:  b b b
    .byte    $10,$02  ; 016 $10:  2 1 0
    .byte    $60,$04  ; 017 $11:  4 6 0
    .byte    $00,$00  ; 018 $12:  0 0 0
    .byte    $40,$00  ; 019 $13:  0 4 0
    .byte    $91,$05  ; 020 $14:  5 9 1
    .byte    $51,$01  ; 021 $15:  1 5 1
    .byte    $70,$03  ; 022 $16:  3 7 0
    .byte    $60,$02  ; 023 $17:  2 6 0
    .byte    $81,$05  ; 024 $18:  5 8 1
    .byte    $30,$01  ; 025 $19:  1 3 0
    .byte    $71,$03  ; 026 $1a:  3 7 1
    .byte    $50,$03  ; 027 $1b:  3 5 0
    .byte    $b1,$05  ; 028 $1c:  5 b 1
    .byte    $61,$01  ; 029 $1d:  1 6 1
    .byte    $b1,$04  ; 030 $1e:  4 b 1
    .byte    $30,$03  ; 031 $1f:  3 3 0
    .byte    $70,$04  ; 032 $20:  4 7 0
    .byte    $a1,$05  ; 033 $21:  5 a 1
    .byte    $80,$04  ; 034 $22:  4 8 0
    .byte    $20,$00  ; 035 $23:  0 2 0
    .byte    $10,$00  ; 036 $24:  0 1 0
    .byte    $40,$03  ; 037 $25:  3 4 0
    .byte    $10,$01  ; 038 $26:  1 1 0
    .byte    $50,$01  ; 039 $27:  1 5 0
    .byte    $30,$00  ; 040 $28:  0 3 0
    .byte    $20,$02  ; 041 $29:  2 2 0
    .byte    $61,$02  ; 042 $2a:  2 6 1
    .byte    $71,$04  ; 043 $2b:  4 7 1
    .byte    $51,$02  ; 044 $2c:  2 5 1
    .byte    $a1,$04  ; 045 $2d:  4 a 1
    .byte    $91,$04  ; 046 $2e:  4 9 1
    .byte    $91,$03  ; 047 $2f:  3 9 1
    .byte    $60,$03  ; 048 $30:  3 6 0
    .byte    $30,$02  ; 049 $31:  2 3 0
    .byte    $61,$03  ; 050 $32:  3 6 1
    .byte    $81,$03  ; 051 $33:  3 8 1
    .byte    $40,$02  ; 052 $34:  2 4 0
    .byte    $71,$02  ; 053 $35:  2 7 1
    .byte    $40,$01  ; 054 $36:  1 4 0
    .byte    $20,$01  ; 055 $37:  1 2 0
    .byte    $50,$02  ; 056 $38:  2 5 0
    .byte    $81,$04  ; 057 $39:  4 8 1
    .byte    $00,$01  ; 058 $3a:  1 0 0
    .byte    $65,$00  ; 059 $3b:  0 6 5
    .byte    $ca,$0c  ; 060 $3c:  c c a
    .byte    $23,$00  ; 061 $3d:  0 2 3
    .byte    $75,$00  ; 062 $3e:  0 7 5
    .byte    $65,$02  ; 063 $3f:  2 6 5
    .byte    $63,$08  ; 064 $40:  8 6 3
    .byte    $76,$09  ; 065 $41:  9 7 6
    .byte    $a9,$0c  ; 066 $42:  c a 9
    .byte    $32,$00  ; 067 $43:  0 3 2
    .byte    $87,$0a  ; 068 $44:  a 8 7
    .byte    $98,$06  ; 069 $45:  6 9 8
    .byte    $76,$00  ; 070 $46:  0 7 6
    .byte    $a8,$0c  ; 071 $47:  c a 8
    .byte    $43,$00  ; 072 $48:  0 4 3
    .byte    $76,$07  ; 073 $49:  7 7 6
    .byte    $dc,$0d  ; 074 $4a:  d d c
    .byte    $b9,$0c  ; 075 $4b:  c b 9
    .byte    $86,$0a  ; 076 $4c:  a 8 6
    .byte    $86,$09  ; 077 $4d:  9 8 6
    .byte    $75,$09  ; 078 $4e:  9 7 5
    .byte    $42,$06  ; 079 $4f:  6 4 2
    .byte    $85,$09  ; 080 $50:  9 8 5
    .byte    $87,$09  ; 081 $51:  9 8 7
    .byte    $63,$01  ; 082 $52:  1 6 3
    .byte    $24,$00  ; 083 $53:  0 2 4
    .byte    $75,$08  ; 084 $54:  8 7 5
    .byte    $97,$0b  ; 085 $55:  b 9 7
    .byte    $31,$05  ; 086 $56:  5 3 1
    .byte    $76,$08  ; 087 $57:  8 7 6
    .byte    $98,$09  ; 088 $58:  9 9 8
    .byte    $22,$00  ; 089 $59:  0 2 2
    .byte    $97,$0a  ; 090 $5a:  a 9 7
    .byte    $98,$0b  ; 091 $5b:  b 9 8
    .byte    $98,$0a  ; 092 $5c:  a 9 8
    .byte    $a8,$0b  ; 093 $5d:  b a 8
    .byte    $21,$00  ; 094 $5e:  0 2 1
    .byte    $33,$00  ; 095 $5f:  0 3 3
    .byte    $ca,$0d  ; 096 $60:  d c a
    .byte    $54,$00  ; 097 $61:  0 5 4
    .byte    $44,$00  ; 098 $62:  0 4 4
    .byte    $64,$06  ; 099 $63:  6 6 4
    .byte    $21,$01  ; 100 $64:  1 2 1
    .byte    $55,$00  ; 101 $65:  0 5 5
    .byte    $53,$07  ; 102 $66:  7 5 3
    .byte    $64,$00  ; 103 $67:  0 6 4
    .byte    $34,$00  ; 104 $68:  0 3 4
    .byte    $12,$00  ; 105 $69:  0 1 2
    .byte    $85,$00  ; 106 $6a:  0 8 5
    .byte    $65,$07  ; 107 $6b:  7 6 5
    .byte    $64,$08  ; 108 $6c:  8 6 4
    .byte    $87,$06  ; 109 $6d:  6 8 7
    .byte    $ba,$0c  ; 110 $6e:  c b a
    .byte    $cb,$0c  ; 111 $6f:  c c b
    .byte    $cb,$0d  ; 112 $70:  d c b
    .byte    $a9,$0b  ; 113 $71:  b a 9
    .byte    $11,$0e  ; 114 $72:  e 1 1
    .byte    $11,$0c  ; 115 $73:  c 1 1
    .byte    $11,$07  ; 116 $74:  7 1 1
    .byte    $23,$0e  ; 117 $75:  e 2 3
    .byte    $11,$09  ; 118 $76:  9 1 1
    .byte    $10,$04  ; 119 $77:  4 1 0
    .byte    $11,$0b  ; 120 $78:  b 1 1
    .byte    $23,$0d  ; 121 $79:  d 2 3
    .byte    $12,$09  ; 122 $7a:  9 1 2
    .byte    $42,$0b  ; 123 $7b:  b 4 2
    .byte    $56,$0f  ; 124 $7c:  f 5 6
    .byte    $12,$0e  ; 125 $7d:  e 1 2
    .byte    $12,$0a  ; 126 $7e:  a 1 2
    .byte    $81,$08  ; 127 $7f:  8 8 1
    .byte    $11,$06  ; 128 $80:  6 1 1
    .byte    $99,$0f  ; 129 $81:  f 9 9
    .byte    $40,$04  ; 130 $82:  4 4 0
    .byte    $51,$0a  ; 131 $83:  a 5 1
    .byte    $10,$03  ; 132 $84:  3 1 0
    .byte    $00,$02  ; 133 $85:  2 0 0
    .byte    $80,$06  ; 134 $86:  6 8 0
    .byte    $34,$0f  ; 135 $87:  f 3 4
    .byte    $12,$0d  ; 136 $88:  d 1 2
    .byte    $01,$0b  ; 137 $89:  b 0 1
    .byte    $45,$0f  ; 138 $8a:  f 4 5
    .byte    $00,$05  ; 139 $8b:  5 0 0
    .byte    $80,$05  ; 140 $8c:  5 8 0
    .byte    $22,$0d  ; 141 $8d:  d 2 2
    .byte    $22,$0a  ; 142 $8e:  a 2 2
    .byte    $00,$03  ; 143 $8f:  3 0 0
    .byte    $84,$0b  ; 144 $90:  b 8 4
    .byte    $66,$0e  ; 145 $91:  e 6 6
    .byte    $aa,$0f  ; 146 $92:  f a a
    .byte    $90,$06  ; 147 $93:  6 9 0
    .byte    $01,$09  ; 148 $94:  9 0 1
    .byte    $70,$05  ; 149 $95:  5 7 0
    .byte    $52,$0b  ; 150 $96:  b 5 2
    .byte    $21,$07  ; 151 $97:  7 2 1
    .byte    $01,$07  ; 152 $98:  7 0 1
    .byte    $34,$0d  ; 153 $99:  d 3 4
    .byte    $34,$0c  ; 154 $9a:  c 3 4
    .byte    $a1,$07  ; 155 $9b:  7 a 1
    .byte    $78,$0f  ; 156 $9c:  f 7 8
    .byte    $21,$06  ; 157 $9d:  6 2 1
    .byte    $67,$0f  ; 158 $9e:  f 6 7
    .byte    $44,$0f  ; 159 $9f:  f 4 4
    .byte    $33,$0b  ; 160 $a0:  b 3 3
    .byte    $12,$0c  ; 161 $a1:  c 1 2
    .byte    $83,$0a  ; 162 $a2:  a 8 3
    .byte    $70,$06  ; 163 $a3:  6 7 0
    .byte    $01,$08  ; 164 $a4:  8 0 1
    .byte    $56,$0d  ; 165 $a5:  d 5 6
    .byte    $00,$04  ; 166 $a6:  4 0 0
    .byte    $21,$0d  ; 167 $a7:  d 2 1
    .byte    $00,$00  ; 168 $a8:  0 0 0 (FREE)
    .byte    $00,$00  ; 169 $a9:  0 0 0 (FREE)
    .byte    $00,$00  ; 170 $aa:  0 0 0 (FREE)
    .byte    $00,$00  ; 171 $ab:  0 0 0 (FREE)
    .byte    $00,$00  ; 172 $ac:  0 0 0 (FREE)
    .byte    $00,$00  ; 173 $ad:  0 0 0 (FREE)
    .byte    $00,$00  ; 174 $ae:  0 0 0 (FREE)
    .byte    $00,$00  ; 175 $af:  0 0 0 (FREE)
    .byte    $00,$00  ; 176 $b0:  0 0 0 (FREE)
    .byte    $00,$00  ; 177 $b1:  0 0 0 (FREE)
    .byte    $00,$00  ; 178 $b2:  0 0 0 (FREE)
    .byte    $00,$00  ; 179 $b3:  0 0 0 (FREE)
    .byte    $00,$00  ; 180 $b4:  0 0 0 (FREE)
    .byte    $00,$00  ; 181 $b5:  0 0 0 (FREE)
    .byte    $00,$00  ; 182 $b6:  0 0 0 (FREE)
    .byte    $00,$00  ; 183 $b7:  0 0 0 (FREE)
    .byte    $00,$00  ; 184 $b8:  0 0 0 (FREE)
    .byte    $00,$00  ; 185 $b9:  0 0 0 (FREE)
    .byte    $00,$00  ; 186 $ba:  0 0 0 (FREE)
    .byte    $00,$00  ; 187 $bb:  0 0 0 (FREE)
    .byte    $00,$00  ; 188 $bc:  0 0 0 (FREE)
    .byte    $00,$00  ; 189 $bd:  0 0 0 (FREE)
    .byte    $00,$00  ; 190 $be:  0 0 0 (FREE)
    .byte    $00,$00  ; 191 $bf:  0 0 0 (FREE)
    .byte    $00,$00  ; 192 $c0:  0 0 0 (FREE)
    .byte    $00,$00  ; 193 $c1:  0 0 0 (FREE)
    .byte    $00,$00  ; 194 $c2:  0 0 0 (FREE)
    .byte    $00,$00  ; 195 $c3:  0 0 0 (FREE)
    .byte    $00,$00  ; 196 $c4:  0 0 0 (FREE)
    .byte    $00,$00  ; 197 $c5:  0 0 0 (FREE)
    .byte    $00,$00  ; 198 $c6:  0 0 0 (FREE)
    .byte    $00,$00  ; 199 $c7:  0 0 0 (FREE)
    .byte    $00,$00  ; 200 $c8:  0 0 0 (FREE)
    .byte    $00,$00  ; 201 $c9:  0 0 0 (FREE)
    .byte    $00,$00  ; 202 $ca:  0 0 0 (FREE)
    .byte    $00,$00  ; 203 $cb:  0 0 0 (FREE)
    .byte    $00,$00  ; 204 $cc:  0 0 0 (FREE)
    .byte    $00,$00  ; 205 $cd:  0 0 0 (FREE)
    .byte    $00,$00  ; 206 $ce:  0 0 0 (FREE)
    .byte    $00,$00  ; 207 $cf:  0 0 0 (FREE)
    .byte    $00,$00  ; 208 $d0:  0 0 0 (FREE)
    .byte    $00,$00  ; 209 $d1:  0 0 0 (FREE)
    .byte    $00,$00  ; 210 $d2:  0 0 0 (FREE)
    .byte    $00,$00  ; 211 $d3:  0 0 0 (FREE)
    .byte    $00,$00  ; 212 $d4:  0 0 0 (FREE)
    .byte    $00,$00  ; 213 $d5:  0 0 0 (FREE)
    .byte    $00,$00  ; 214 $d6:  0 0 0 (FREE)
    .byte    $00,$00  ; 215 $d7:  0 0 0 (FREE)
    .byte    $00,$00  ; 216 $d8:  0 0 0 (FREE)
    .byte    $00,$00  ; 217 $d9:  0 0 0 (FREE)
    .byte    $00,$00  ; 218 $da:  0 0 0 (FREE)
    .byte    $00,$00  ; 219 $db:  0 0 0 (FREE)
    .byte    $00,$00  ; 220 $dc:  0 0 0 (FREE)
    .byte    $00,$00  ; 221 $dd:  0 0 0 (FREE)
    .byte    $00,$00  ; 222 $de:  0 0 0 (FREE)
    .byte    $00,$00  ; 223 $df:  0 0 0 (FREE)
    .byte    $00,$00  ; 224 $e0:  0 0 0 (FREE)
    .byte    $00,$00  ; 225 $e1:  0 0 0 (FREE)
    .byte    $00,$00  ; 226 $e2:  0 0 0 (FREE)
    .byte    $00,$00  ; 227 $e3:  0 0 0 (FREE)
    .byte    $00,$00  ; 228 $e4:  0 0 0 (FREE)
    .byte    $00,$00  ; 229 $e5:  0 0 0 (FREE)
    .byte    $00,$00  ; 230 $e6:  0 0 0 (FREE)
    .byte    $00,$00  ; 231 $e7:  0 0 0 (FREE)
    .byte    $00,$00  ; 232 $e8:  0 0 0 (FREE)
    .byte    $00,$00  ; 233 $e9:  0 0 0 (FREE)
    .byte    $00,$00  ; 234 $ea:  0 0 0 (FREE)
    .byte    $00,$00  ; 235 $eb:  0 0 0 (FREE)
    .byte    $00,$00  ; 236 $ec:  0 0 0 (FREE)
    .byte    $00,$00  ; 237 $ed:  0 0 0 (FREE)
    .byte    $00,$00  ; 238 $ee:  0 0 0 (FREE)
    .byte    $00,$00  ; 239 $ef:  0 0 0 (FREE)
    .byte    $00,$00  ; 240 $f0:  0 0 0 (FREE)
    .byte    $ff,$0f  ; 241 $f1:  f f f
    .byte    $00,$00  ; 242 $f2:  0 0 0 (FREE)
    .byte    $00,$00  ; 243 $f3:  0 0 0 (FREE)
    .byte    $00,$00  ; 244 $f4:  0 0 0 (FREE)
    .byte    $00,$00  ; 245 $f5:  0 0 0 (FREE)
    .byte    $00,$00  ; 246 $f6:  0 0 0 (FREE)
    .byte    $00,$00  ; 247 $f7:  0 0 0 (FREE)
    .byte    $00,$00  ; 248 $f8:  0 0 0 (FREE)
    .byte    $00,$00  ; 249 $f9:  0 0 0 (FREE)
    .byte    $00,$00  ; 250 $fa:  0 0 0 (FREE)
    .byte    $00,$00  ; 251 $fb:  0 0 0 (FREE)
    .byte    $00,$00  ; 252 $fc:  0 0 0 (FREE)
    .byte    $00,$00  ; 253 $fd:  0 0 0 (FREE)
    .byte    $00,$00  ; 254 $fe:  0 0 0 (FREE)
    .byte    $00,$00  ; 255 $ff:  0 0 0 (FREE)
end_palette_table:

Wrote file (ABCTILES.BIN) as 20226 bytes.
Wrote file (BRDTILES.BIN) as 33538 bytes.
Wrote file (MONOCHROME.BIN) as 28 bytes.
Wrote file (SEQ08.BIN) as 770 bytes.
Wrote file (SEQ16.BIN) as 3074 bytes.
Wrote file (SEQ32.BIN) as 12290 bytes.
Wrote file (SEQ64.BIN) as 49154 bytes.
Wrote file (PALETTE.BIN) as 514 bytes.

VRAM Address Arrangement

Waste Start  End    Size  Align Width Height Path/Name
----- ------ ------ ----- ----- ----- ------ ----------------------------------
    0 $00000 $00fff  4096   512    64    32  alpha-tile-map
    0 $01000 $01fff  4096   512    64    32  image-tile-map
    0 $02000 $0a2ff 33536  2048    16  2096  brdtiles.png
    0 $0a300 $0aeff  3072    32    16   192  seq16.png
    0 $0af00 $0af19    26     1    13    13  monochrome.png
  230 $0b000 $0feff 20224  2048    16  1264  abctiles.png
    0 $0ff00 $1beff 49152    32    64   768  seq64.png
      $0ff00 $0ffff   256                    SEQ64P0.BIN
      $10000 $1beff 48896                    SEQ64P1.BIN
    0 $1bf00 $1eeff 12288    32    32   384  seq32.png
    0 $1ef00 $1f1ff   768    32     8    96  seq08.png

NOTE: one output image crosses the VRAM page boundary, so there are now two
      extra output files, for loading the data in two sections, if needed.
