Image to Binary (file convertor)
./painting.png, 273x284, Rgb8
Palette needs 194 custom colors.

; Palette entries by index:
;             VERA      Dec Hex:  R G B
;
begin_palette_table:
    .byte    $00,$00  ; 000 $00:  0 0 0
    .byte    $ff,$0f  ; 001 $01:  f f f
    .byte    $ff,$0f  ; 002 $02:  f f f
    .byte    $ff,$0f  ; 003 $03:  f f f
    .byte    $ff,$0f  ; 004 $04:  f f f
    .byte    $ff,$0f  ; 005 $05:  f f f
    .byte    $ff,$0f  ; 006 $06:  f f f
    .byte    $ff,$0f  ; 007 $07:  f f f
    .byte    $ff,$0f  ; 008 $08:  f f f
    .byte    $ff,$0f  ; 009 $09:  f f f
    .byte    $ff,$0f  ; 010 $0a:  f f f
    .byte    $ff,$0f  ; 011 $0b:  f f f
    .byte    $ff,$0f  ; 012 $0c:  f f f
    .byte    $ff,$0f  ; 013 $0d:  f f f
    .byte    $ff,$0f  ; 014 $0e:  f f f
    .byte    $ff,$0f  ; 015 $0f:  f f f
    .byte    $c7,$0b  ; 016 $10:  b c 7
    .byte    $2e,$04  ; 017 $11:  4 2 e
    .byte    $ef,$0e  ; 018 $12:  e e f
    .byte    $8d,$07  ; 019 $13:  7 8 d
    .byte    $22,$0d  ; 020 $14:  d 2 2
    .byte    $d5,$06  ; 021 $15:  6 d 5
    .byte    $b4,$09  ; 022 $16:  9 b 4
    .byte    $aa,$0d  ; 023 $17:  d a a
    .byte    $c9,$05  ; 024 $18:  5 c 9
    .byte    $a4,$04  ; 025 $19:  4 a 4
    .byte    $00,$01  ; 026 $1a:  1 0 0
    .byte    $ad,$09  ; 027 $1b:  9 a d
    .byte    $b6,$0b  ; 028 $1c:  b b 6
    .byte    $d3,$04  ; 029 $1d:  4 d 3
    .byte    $d7,$03  ; 030 $1e:  3 d 7
    .byte    $ed,$0e  ; 031 $1f:  e e d
    .byte    $d7,$07  ; 032 $20:  7 d 7
    .byte    $dd,$0d  ; 033 $21:  d d d
    .byte    $44,$0a  ; 034 $22:  a 4 4
    .byte    $11,$08  ; 035 $23:  8 1 1
    .byte    $ff,$0f  ; 036 $24:  f f f
    .byte    $91,$02  ; 037 $25:  2 9 1
    .byte    $2e,$03  ; 038 $26:  3 2 e
    .byte    $87,$07  ; 039 $27:  7 8 7
    .byte    $55,$05  ; 040 $28:  5 5 5
    .byte    $66,$0e  ; 041 $29:  e 6 6
    .byte    $7e,$08  ; 042 $2a:  8 7 e
    .byte    $91,$09  ; 043 $2b:  9 9 1
    .byte    $c6,$09  ; 044 $2c:  9 c 6
    .byte    $ca,$0e  ; 045 $2d:  e c a
    .byte    $b9,$03  ; 046 $2e:  3 b 9
    .byte    $a9,$0d  ; 047 $2f:  d a 9
    .byte    $cf,$0c  ; 048 $30:  c c f
    .byte    $63,$03  ; 049 $31:  3 6 3
    .byte    $ba,$0e  ; 050 $32:  e b a
    .byte    $c5,$0a  ; 051 $33:  a c 5
    .byte    $11,$0a  ; 052 $34:  a 1 1
    .byte    $9b,$04  ; 053 $35:  4 9 b
    .byte    $d7,$04  ; 054 $36:  4 d 7
    .byte    $cb,$0e  ; 055 $37:  e c b
    .byte    $5e,$05  ; 056 $38:  5 5 e
    .byte    $99,$0e  ; 057 $39:  e 9 9
    .byte    $ec,$0c  ; 058 $3a:  c e c
    .byte    $91,$07  ; 059 $3b:  7 9 1
    .byte    $e2,$03  ; 060 $3c:  3 e 2
    .byte    $50,$00  ; 061 $3d:  0 5 0
    .byte    $ec,$0b  ; 062 $3e:  b e c
    .byte    $91,$05  ; 063 $3f:  5 9 1
    .byte    $df,$0d  ; 064 $40:  d d f
    .byte    $d4,$07  ; 065 $41:  7 d 4
    .byte    $ee,$0e  ; 066 $42:  e e e
    .byte    $50,$05  ; 067 $43:  5 5 0
    .byte    $bb,$0b  ; 068 $44:  b b b
    .byte    $c9,$0b  ; 069 $45:  b c 9
    .byte    $62,$02  ; 070 $46:  2 6 2
    .byte    $a4,$0b  ; 071 $47:  b a 4
    .byte    $51,$08  ; 072 $48:  8 5 1
    .byte    $91,$04  ; 073 $49:  4 9 1
    .byte    $11,$09  ; 074 $4a:  9 1 1
    .byte    $d6,$07  ; 075 $4b:  7 d 6
    .byte    $4e,$05  ; 076 $4c:  5 4 e
    .byte    $da,$08  ; 077 $4d:  8 d a
    .byte    $da,$0c  ; 078 $4e:  c d a
    .byte    $b2,$07  ; 079 $4f:  7 b 2
    .byte    $92,$08  ; 080 $50:  8 9 2
    .byte    $88,$08  ; 081 $51:  8 8 8
    .byte    $c8,$0b  ; 082 $52:  b c 8
    .byte    $ac,$0a  ; 083 $53:  a a c
    .byte    $ab,$04  ; 084 $54:  4 a b
    .byte    $6e,$06  ; 085 $55:  6 6 e
    .byte    $9d,$08  ; 086 $56:  8 9 d
    .byte    $d7,$05  ; 087 $57:  5 d 7
    .byte    $d6,$06  ; 088 $58:  6 d 6
    .byte    $de,$0c  ; 089 $59:  c d e
    .byte    $ee,$0f  ; 090 $5a:  f e e
    .byte    $62,$0b  ; 091 $5b:  b 6 2
    .byte    $b2,$08  ; 092 $5c:  8 b 2
    .byte    $3e,$04  ; 093 $5d:  4 3 e
    .byte    $8e,$09  ; 094 $5e:  9 8 e
    .byte    $ed,$0f  ; 095 $5f:  f e d
    .byte    $d7,$0a  ; 096 $60:  a d 7
    .byte    $97,$0d  ; 097 $61:  d 9 7
    .byte    $b3,$04  ; 098 $62:  4 b 3
    .byte    $eb,$0b  ; 099 $63:  b e b
    .byte    $51,$06  ; 100 $64:  6 5 1
    .byte    $fe,$0f  ; 101 $65:  f f e
    .byte    $e7,$07  ; 102 $66:  7 e 7
    .byte    $aa,$0a  ; 103 $67:  a a a
    .byte    $ea,$0a  ; 104 $68:  a e a
    .byte    $cc,$0c  ; 105 $69:  c c c
    .byte    $55,$0e  ; 106 $6a:  e 5 5
    .byte    $33,$0e  ; 107 $6b:  e 3 3
    .byte    $e9,$0a  ; 108 $6c:  a e 9
    .byte    $be,$0b  ; 109 $6d:  b b e
    .byte    $cb,$09  ; 110 $6e:  9 c b
    .byte    $c9,$06  ; 111 $6f:  6 c 9
    .byte    $86,$05  ; 112 $70:  5 8 6
    .byte    $cb,$08  ; 113 $71:  8 c b
    .byte    $44,$0b  ; 114 $72:  b 4 4
    .byte    $af,$0a  ; 115 $73:  a a f
    .byte    $d8,$0a  ; 116 $74:  a d 8
    .byte    $77,$0d  ; 117 $75:  d 7 7
    .byte    $c4,$09  ; 118 $76:  9 c 4
    .byte    $44,$0e  ; 119 $77:  e 4 4
    .byte    $75,$0a  ; 120 $78:  a 7 5
    .byte    $75,$0d  ; 121 $79:  d 7 5
    .byte    $b9,$04  ; 122 $7a:  4 b 9
    .byte    $87,$09  ; 123 $7b:  9 8 7
    .byte    $22,$0e  ; 124 $7c:  e 2 2
    .byte    $22,$0b  ; 125 $7d:  b 2 2
    .byte    $92,$0b  ; 126 $7e:  b 9 2
    .byte    $fe,$0e  ; 127 $7f:  e f e
    .byte    $d4,$05  ; 128 $80:  5 d 4
    .byte    $b5,$0b  ; 129 $81:  b b 5
    .byte    $b2,$09  ; 130 $82:  9 b 2
    .byte    $99,$09  ; 131 $83:  9 9 9
    .byte    $ab,$05  ; 132 $84:  5 a b
    .byte    $8e,$08  ; 133 $85:  8 8 e
    .byte    $ce,$0b  ; 134 $86:  b c e
    .byte    $e9,$09  ; 135 $87:  9 e 9
    .byte    $bb,$0e  ; 136 $88:  e b b
    .byte    $bd,$0a  ; 137 $89:  a b d
    .byte    $00,$00  ; 138 $8a:  0 0 0
    .byte    $01,$07  ; 139 $8b:  7 0 1
    .byte    $dc,$0a  ; 140 $8c:  a d c
    .byte    $98,$0d  ; 141 $8d:  d 9 8
    .byte    $8d,$06  ; 142 $8e:  6 8 d
    .byte    $b7,$07  ; 143 $8f:  7 b 7
    .byte    $b3,$09  ; 144 $90:  9 b 3
    .byte    $bb,$07  ; 145 $91:  7 b b
    .byte    $ee,$0d  ; 146 $92:  d e e
    .byte    $66,$0d  ; 147 $93:  d 6 6
    .byte    $9e,$09  ; 148 $94:  9 9 e
    .byte    $c1,$03  ; 149 $95:  3 c 1
    .byte    $d3,$07  ; 150 $96:  7 d 3
    .byte    $00,$04  ; 151 $97:  4 0 0
    .byte    $bb,$0f  ; 152 $98:  f b b
    .byte    $62,$0d  ; 153 $99:  d 6 2
    .byte    $ed,$0d  ; 154 $9a:  d e d
    .byte    $00,$06  ; 155 $9b:  6 0 0
    .byte    $74,$0d  ; 156 $9c:  d 7 4
    .byte    $22,$02  ; 157 $9d:  2 2 2
    .byte    $ea,$09  ; 158 $9e:  9 e a
    .byte    $7d,$06  ; 159 $9f:  6 7 d
    .byte    $86,$0d  ; 160 $a0:  d 8 6
    .byte    $b6,$06  ; 161 $a1:  6 b 6
    .byte    $00,$03  ; 162 $a2:  3 0 0
    .byte    $c5,$06  ; 163 $a3:  6 c 5
    .byte    $ca,$0b  ; 164 $a4:  b c a
    .byte    $66,$06  ; 165 $a5:  6 6 6
    .byte    $51,$03  ; 166 $a6:  3 5 1
    .byte    $92,$0a  ; 167 $a7:  a 9 2
    .byte    $da,$0a  ; 168 $a8:  a d a
    .byte    $db,$09  ; 169 $a9:  9 d b
    .byte    $64,$06  ; 170 $aa:  6 6 4
    .byte    $7d,$05  ; 171 $ab:  5 7 d
    .byte    $c8,$09  ; 172 $ac:  9 c 8
    .byte    $ef,$0f  ; 173 $ad:  f e f
    .byte    $dc,$0e  ; 174 $ae:  e d c
    .byte    $b2,$05  ; 175 $af:  5 b 2
    .byte    $44,$04  ; 176 $b0:  4 4 4
    .byte    $ad,$08  ; 177 $b1:  8 a d
    .byte    $a3,$0b  ; 178 $b2:  b a 3
    .byte    $55,$09  ; 179 $b3:  9 5 5
    .byte    $ba,$0a  ; 180 $b4:  a b a
    .byte    $e6,$07  ; 181 $b5:  7 e 6
    .byte    $63,$0d  ; 182 $b6:  d 6 3
    .byte    $5e,$06  ; 183 $b7:  6 5 e
    .byte    $aa,$0e  ; 184 $b8:  e a a
    .byte    $77,$0e  ; 185 $b9:  e 7 7
    .byte    $00,$02  ; 186 $ba:  2 0 0
    .byte    $c2,$07  ; 187 $bb:  7 c 2
    .byte    $61,$0a  ; 188 $bc:  a 6 1
    .byte    $a8,$08  ; 189 $bd:  8 a 8
    .byte    $75,$05  ; 190 $be:  5 7 5
    .byte    $50,$02  ; 191 $bf:  2 5 0
    .byte    $43,$0e  ; 192 $c0:  e 4 3
    .byte    $77,$07  ; 193 $c1:  7 7 7
    .byte    $6d,$04  ; 194 $c2:  4 6 d
    .byte    $7e,$07  ; 195 $c3:  7 7 e
    .byte    $eb,$0c  ; 196 $c4:  c e b
    .byte    $ae,$0a  ; 197 $c5:  a a e
    .byte    $6e,$07  ; 198 $c6:  7 6 e
    .byte    $88,$0d  ; 199 $c7:  d 8 8
    .byte    $23,$0e  ; 200 $c8:  e 2 3
    .byte    $dc,$0c  ; 201 $c9:  c d c
    .byte    $fc,$0c  ; 202 $ca:  c f c
    .byte    $b1,$02  ; 203 $cb:  2 b 1
    .byte    $88,$0e  ; 204 $cc:  e 8 8
    .byte    $9e,$0a  ; 205 $cd:  a 9 e
    .byte    $11,$01  ; 206 $ce:  1 1 1
    .byte    $cc,$0f  ; 207 $cf:  f c c
    .byte    $dd,$0f  ; 208 $d0:  f d d
    .byte    $00,$00  ; 209 $d1:  0 0 0 (FREE)
    .byte    $00,$00  ; 210 $d2:  0 0 0 (FREE)
    .byte    $00,$00  ; 211 $d3:  0 0 0 (FREE)
    .byte    $00,$00  ; 212 $d4:  0 0 0 (FREE)
    .byte    $00,$00  ; 213 $d5:  0 0 0 (FREE)
    .byte    $00,$00  ; 214 $d6:  0 0 0 (FREE)
    .byte    $00,$00  ; 215 $d7:  0 0 0 (FREE)
    .byte    $00,$00  ; 216 $d8:  0 0 0 (FREE)
    .byte    $00,$00  ; 217 $d9:  0 0 0 (FREE)
    .byte    $00,$00  ; 218 $da:  0 0 0 (FREE)
    .byte    $00,$00  ; 219 $db:  0 0 0 (FREE)
    .byte    $00,$00  ; 220 $dc:  0 0 0 (FREE)
    .byte    $00,$00  ; 221 $dd:  0 0 0 (FREE)
    .byte    $00,$00  ; 222 $de:  0 0 0 (FREE)
    .byte    $00,$00  ; 223 $df:  0 0 0 (FREE)
    .byte    $00,$00  ; 224 $e0:  0 0 0 (FREE)
    .byte    $00,$00  ; 225 $e1:  0 0 0 (FREE)
    .byte    $00,$00  ; 226 $e2:  0 0 0 (FREE)
    .byte    $00,$00  ; 227 $e3:  0 0 0 (FREE)
    .byte    $00,$00  ; 228 $e4:  0 0 0 (FREE)
    .byte    $00,$00  ; 229 $e5:  0 0 0 (FREE)
    .byte    $00,$00  ; 230 $e6:  0 0 0 (FREE)
    .byte    $00,$00  ; 231 $e7:  0 0 0 (FREE)
    .byte    $00,$00  ; 232 $e8:  0 0 0 (FREE)
    .byte    $00,$00  ; 233 $e9:  0 0 0 (FREE)
    .byte    $00,$00  ; 234 $ea:  0 0 0 (FREE)
    .byte    $00,$00  ; 235 $eb:  0 0 0 (FREE)
    .byte    $00,$00  ; 236 $ec:  0 0 0 (FREE)
    .byte    $00,$00  ; 237 $ed:  0 0 0 (FREE)
    .byte    $00,$00  ; 238 $ee:  0 0 0 (FREE)
    .byte    $00,$00  ; 239 $ef:  0 0 0 (FREE)
    .byte    $00,$00  ; 240 $f0:  0 0 0 (FREE)
    .byte    $00,$00  ; 241 $f1:  0 0 0 (FREE)
    .byte    $00,$00  ; 242 $f2:  0 0 0 (FREE)
    .byte    $00,$00  ; 243 $f3:  0 0 0 (FREE)
    .byte    $00,$00  ; 244 $f4:  0 0 0 (FREE)
    .byte    $00,$00  ; 245 $f5:  0 0 0 (FREE)
    .byte    $00,$00  ; 246 $f6:  0 0 0 (FREE)
    .byte    $00,$00  ; 247 $f7:  0 0 0 (FREE)
    .byte    $00,$00  ; 248 $f8:  0 0 0 (FREE)
    .byte    $00,$00  ; 249 $f9:  0 0 0 (FREE)
    .byte    $00,$00  ; 250 $fa:  0 0 0 (FREE)
    .byte    $00,$00  ; 251 $fb:  0 0 0 (FREE)
    .byte    $00,$00  ; 252 $fc:  0 0 0 (FREE)
    .byte    $00,$00  ; 253 $fd:  0 0 0 (FREE)
    .byte    $00,$00  ; 254 $fe:  0 0 0 (FREE)
    .byte    $00,$00  ; 255 $ff:  0 0 0 (FREE)
end_palette_table:

Wrote file (./painting.bin) as 10000 bytes.
